SF:lib\domain\usecase\search_movies.dart
DA:9,1
DA:11,1
DA:12,2
LF:3
LH:3
end_of_record
SF:lib\domain\usecase\search_tv.dart
DA:9,1
DA:11,1
DA:12,2
LF:3
LH:3
end_of_record
SF:lib\presentation\bloc\movie\movie_search\movie_search_state.dart
DA:4,1
DA:6,1
DA:7,1
DA:17,0
DA:19,0
DA:20,0
DA:26,1
DA:28,1
DA:29,2
LF:9
LH:6
end_of_record
SF:lib\presentation\bloc\movie\movie_search\movie_search_bloc.dart
DA:14,1
DA:15,3
DA:18,3
DA:19,2
DA:20,1
DA:22,2
DA:23,3
DA:25,1
DA:26,0
DA:27,0
DA:29,1
DA:30,2
DA:33,1
LF:13
LH:11
end_of_record
SF:lib\presentation\bloc\movie\movie_search\movie_search_event.dart
DA:4,1
DA:6,0
DA:7,0
DA:13,1
DA:15,0
DA:16,0
LF:6
LH:2
end_of_record
SF:lib\presentation\bloc\tv\tv_searh\tv_search_state.dart
DA:4,1
DA:6,1
DA:7,1
DA:17,0
DA:19,0
DA:20,0
DA:26,1
DA:28,1
DA:29,2
LF:9
LH:6
end_of_record
SF:lib\presentation\bloc\tv\tv_searh\tv_search_event.dart
DA:4,1
DA:6,0
DA:7,0
DA:13,1
DA:15,0
DA:16,0
LF:6
LH:2
end_of_record
SF:lib\presentation\bloc\tv\tv_searh\tv_search_bloc.dart
DA:13,1
DA:14,3
DA:17,3
DA:18,2
DA:19,1
DA:21,2
DA:22,3
DA:24,1
DA:25,0
DA:26,0
DA:28,1
DA:29,2
DA:32,1
LF:13
LH:11
end_of_record
